2020-06-30 14:23:47,621 - Session - INFO - get token,useId successfully!
2020-06-30 14:30:22,874 - TestAssay - INFO - ------获取检定计划列表接口-----
2020-06-30 14:30:23,014 - TestAssay - INFO - 默认查询接口请求结果：处理成功
2020-06-30 14:30:23,019 - TestAssay - INFO - ------创建检定计划接口-----
2020-06-30 14:30:23,196 - TestAssay - INFO - 创建接口请求结果：处理成功
2020-06-30 14:30:23,309 - TestAssay - INFO - 查询接口请求结果：处理成功
2020-06-30 14:30:23,310 - TestAssay - INFO - 最新创建的检定计划名为：检定计划vNYM
2020-06-30 14:30:23,311 - TestAssay - INFO - 提取到的计划Id：207
2020-06-30 14:30:23,311 - TestAssay - INFO - ------保养计划详情接口-----
2020-06-30 14:30:23,450 - TestAssay - INFO - 查看计划详情请求结果：处理成功
2020-06-30 14:30:23,578 - TestAssay - INFO - ------删除检定计划接口-----
2020-06-30 14:30:23,578 - TestAssay - INFO - 删除接口请求结果：处理成功
2020-06-30 14:33:04,428 - TestAssay - INFO - ------获取检定计划列表接口-----
2020-06-30 14:33:04,563 - TestAssay - INFO - 默认查询接口请求结果：处理成功
2020-06-30 14:33:04,566 - TestAssay - INFO - ------创建检定计划接口-----
2020-06-30 14:33:04,711 - TestAssay - INFO - 创建接口请求结果：处理成功
2020-06-30 14:33:04,812 - TestAssay - INFO - 查询接口请求结果：处理成功
2020-06-30 14:33:04,812 - TestAssay - INFO - 最新创建的检定计划名为：检定计划SMr4
2020-06-30 14:33:04,813 - TestAssay - INFO - 提取到的计划Id：208
2020-06-30 14:33:04,813 - TestAssay - INFO - ------保养计划详情接口-----
2020-06-30 14:33:04,937 - TestAssay - INFO - 查看计划详情请求结果：处理成功
2020-06-30 14:33:05,052 - TestAssay - INFO - ------删除检定计划接口-----
2020-06-30 14:33:05,052 - TestAssay - INFO - 删除接口请求结果：处理成功
