2020-06-29 09:13:42,895 - Session - INFO - get token,useId successfully!
2020-06-29 09:55:55,117 - Session - INFO - get token,useId successfully!
2020-06-29 09:56:00,874 - TestMaintain - INFO - ------获取保养计划列表接口-----
2020-06-29 09:56:01,164 - TestMaintain - INFO - ------创建保养计划列表接口-----
2020-06-29 10:00:33,399 - TestMaintain - INFO - ------获取保养计划列表接口-----
2020-06-29 10:00:33,487 - TestMaintain - ERROR - 请求失败：'mesg'
2020-06-29 10:00:33,679 - TestMaintain - INFO - ------创建保养计划列表接口-----
2020-06-29 10:04:11,507 - TestMaintain - INFO - ------获取保养计划列表接口-----
2020-06-29 10:04:11,609 - TestMaintain - ERROR - 请求失败：'mesg'
2020-06-29 10:04:11,793 - TestMaintain - INFO - ------创建保养计划列表接口-----
2020-06-29 10:04:11,876 - TestMaintain - ERROR - 请求失败：'mesg'
2020-06-29 10:04:11,967 - TestMaintain - ERROR - 请求失败：'mesg'
2020-06-29 10:08:24,977 - Session - INFO - get token,useId successfully!
2020-06-29 10:35:13,334 - TestLogin - INFO - ------用户登录接口-----
2020-06-29 10:35:13,613 - TestLogin - INFO - 请求结果：bearer
2020-06-29 10:35:13,618 - TestLogin - INFO - ------用户登录接口-----
2020-06-29 10:35:13,893 - TestLogin - INFO - 请求结果：登录失败，请检查参数！
2020-06-29 10:35:13,896 - TestLogin - INFO - ------用户登录接口-----
2020-06-29 10:35:14,162 - TestLogin - INFO - 请求结果：登录失败，请检查参数！
2020-06-29 10:35:14,168 - TestLogin - INFO - ------用户登录接口-----
2020-06-29 10:35:14,461 - TestLogin - INFO - 请求结果：登录失败，请检查参数！
2020-06-29 10:35:14,466 - TestLogin - INFO - ------用户登录接口-----
2020-06-29 10:35:14,743 - TestLogin - INFO - 请求结果：登录失败，请检查参数！
2020-06-29 10:35:14,748 - TestLogin - INFO - ------用户登录接口-----
2020-06-29 10:35:15,038 - TestLogin - INFO - 请求结果：登录失败，请检查参数！
2020-06-29 10:47:55,294 - TestMaintain - INFO - ------获取保养计划列表接口-----
2020-06-29 10:47:55,396 - TestMaintain - ERROR - 请求失败：'mesg'
2020-06-29 10:47:55,615 - TestMaintain - INFO - ------创建保养计划列表接口-----
2020-06-29 10:47:55,712 - TestMaintain - ERROR - 请求失败：'mesg'
2020-06-29 10:47:55,818 - TestMaintain - ERROR - 请求失败：'mesg'
2020-06-29 10:48:20,656 - TestAssay - INFO - ------获取检定计划列表接口-----
2020-06-29 10:48:20,788 - TestAssay - INFO - 请求结果：处理成功
2020-06-29 10:48:20,951 - TestAssay - INFO - 创建检定请求结果：处理成功
2020-06-29 10:49:35,970 - TestAssay - INFO - ------获取检定计划列表接口-----
2020-06-29 10:49:36,096 - TestAssay - INFO - 请求结果：处理成功
2020-06-29 10:49:36,245 - TestAssay - INFO - 创建检定请求结果：处理成功
2020-06-29 10:49:36,356 - TestAssay - INFO - 条件查询请求结果：处理成功
2020-06-29 10:49:36,356 - TestAssay - INFO - 获取要删除的计划Id：197
2020-06-29 10:49:36,356 - TestAssay - INFO - ------删除检定计划接口-----
2020-06-29 10:49:36,491 - TestAssay - INFO - 删除检定计划请求结果：处理成功
2020-06-29 10:50:24,827 - TestMaintain - INFO - ------获取保养计划列表接口-----
2020-06-29 10:50:24,930 - TestMaintain - ERROR - 请求失败：'mesg'
2020-06-29 10:50:25,131 - TestMaintain - INFO - ------创建保养计划列表接口-----
2020-06-29 10:50:25,214 - TestMaintain - ERROR - 请求失败：'mesg'
2020-06-29 10:50:25,305 - TestMaintain - ERROR - 请求失败：'mesg'
2020-06-29 11:04:35,423 - TestMaintain - INFO - ------获取保养计划列表接口-----
2020-06-29 11:04:35,552 - TestMaintain - INFO - 请求结果：处理成功
2020-06-29 11:04:35,557 - TestMaintain - INFO - ------创建保养计划列表接口-----
2020-06-29 11:04:35,644 - TestMaintain - ERROR - 请求失败：'mesg'
2020-06-29 11:04:35,935 - TestMaintain - INFO - 请求结果：处理成功
2020-06-29 11:04:35,935 - TestMaintain - INFO - 最新创建的保养计划名为：保养计划jmeter}
2020-06-29 11:04:35,936 - TestMaintain - INFO - 获取要查看的计划Id：75
2020-06-29 11:04:35,936 - TestMaintain - INFO - ------保养计划详情接口-----
2020-06-29 11:04:36,075 - TestMaintain - INFO - 删除检定计划请求结果：处理成功
2020-06-29 11:04:36,190 - TestMaintain - INFO - 请求结果：处理成功
2020-06-29 11:08:18,519 - TestMaintain - INFO - ------获取保养计划列表接口-----
2020-06-29 11:08:18,661 - TestMaintain - INFO - 请求结果：处理成功
2020-06-29 11:08:18,665 - TestMaintain - INFO - ------创建保养计划列表接口-----
2020-06-29 11:08:18,830 - TestMaintain - INFO - 请求结果：处理成功
2020-06-29 11:08:18,941 - TestMaintain - INFO - 请求结果：处理成功
2020-06-29 11:08:18,941 - TestMaintain - INFO - 最新创建的保养计划名为：保养计划XerJ
2020-06-29 11:08:18,941 - TestMaintain - INFO - 获取要查看的计划Id：102
2020-06-29 11:08:18,941 - TestMaintain - INFO - ------保养计划详情接口-----
2020-06-29 11:08:19,083 - TestMaintain - INFO - 删除检定计划请求结果：处理成功
2020-06-29 11:08:19,235 - TestMaintain - INFO - 请求结果：处理成功
2020-06-29 11:18:34,861 - TestAssay - INFO - ------获取检定计划列表接口-----
2020-06-29 11:18:34,986 - TestAssay - INFO - 请求结果：处理成功
2020-06-29 11:18:34,989 - TestAssay - INFO - ------创建检定计划列表接口-----
2020-06-29 11:18:35,154 - TestAssay - INFO - 请求结果：处理成功
2020-06-29 11:18:35,275 - TestAssay - INFO - 请求结果：处理成功
2020-06-29 11:18:35,275 - TestAssay - INFO - 最新创建的检定计划名为：检定计划zIbB
2020-06-29 11:18:35,275 - TestAssay - INFO - 提取到的计划Id：198
2020-06-29 11:18:35,276 - TestAssay - INFO - ------保养计划详情接口-----
2020-06-29 11:18:35,412 - TestAssay - INFO - 查看计划详情请求结果：处理成功
2020-06-29 11:18:35,530 - TestAssay - INFO - 请求结果：处理成功
2020-06-29 11:23:13,839 - Session - INFO - get token,useId successfully!
2020-06-29 11:23:13,843 - run - INFO - 先登录进行全局token认证
2020-06-29 11:23:13,844 - run - INFO - 初始化配置文件, path=F:\API_Automation\Conf\config.ini
2020-06-29 11:23:54,362 - Session - INFO - get token,useId successfully!
2020-06-29 11:23:54,365 - run - INFO - 先登录进行全局token认证
2020-06-29 11:23:54,366 - run - INFO - 初始化配置文件, path=F:\API_Automation\Conf\config.ini
2020-06-29 11:23:55,361 - TestAssay - INFO - ------获取检定计划列表接口-----
2020-06-29 11:23:55,482 - TestAssay - INFO - 默认查询接口请求结果：处理成功
2020-06-29 11:23:55,491 - TestAssay - INFO - ------创建检定计划接口-----
2020-06-29 11:23:55,641 - TestAssay - INFO - 创建接口请求结果：处理成功
2020-06-29 11:23:55,746 - TestAssay - INFO - 查询接口请求结果：处理成功
2020-06-29 11:23:55,746 - TestAssay - INFO - 最新创建的检定计划名为：检定计划EIqB
2020-06-29 11:23:55,746 - TestAssay - INFO - 提取到的计划Id：199
2020-06-29 11:23:55,746 - TestAssay - INFO - ------保养计划详情接口-----
2020-06-29 11:23:55,884 - TestAssay - INFO - 查看计划详情请求结果：处理成功
2020-06-29 11:23:56,003 - TestAssay - INFO - ------删除检定计划接口-----
2020-06-29 11:23:56,003 - TestAssay - INFO - 删除接口请求结果：处理成功
2020-06-29 11:23:56,010 - TestLogin - INFO - ------用户登录接口-----
2020-06-29 11:23:56,311 - TestLogin - INFO - 请求结果：bearer
2020-06-29 11:23:56,320 - TestLogin - INFO - ------用户登录接口-----
2020-06-29 11:23:56,600 - TestLogin - INFO - 请求结果：登录失败，请检查参数！
2020-06-29 11:23:56,607 - TestLogin - INFO - ------用户登录接口-----
2020-06-29 11:23:56,899 - TestLogin - INFO - 请求结果：登录失败，请检查参数！
2020-06-29 11:23:56,907 - TestLogin - INFO - ------用户登录接口-----
2020-06-29 11:23:57,185 - TestLogin - INFO - 请求结果：登录失败，请检查参数！
2020-06-29 11:23:57,192 - TestLogin - INFO - ------用户登录接口-----
2020-06-29 11:23:57,464 - TestLogin - INFO - 请求结果：登录失败，请检查参数！
2020-06-29 11:23:57,471 - TestLogin - INFO - ------用户登录接口-----
2020-06-29 11:23:57,745 - TestLogin - INFO - 请求结果：登录失败，请检查参数！
2020-06-29 11:23:57,754 - TestMaintain - INFO - ------获取保养计划列表接口-----
2020-06-29 11:23:57,892 - TestMaintain - INFO - 默认查询接口请求结果：处理成功
2020-06-29 11:23:57,897 - TestMaintain - INFO - ------创建保养计划列表接口-----
2020-06-29 11:23:58,059 - TestMaintain - INFO - 创建接口请求结果：处理成功
2020-06-29 11:23:58,179 - TestMaintain - INFO - 查询接口请求结果：处理成功
2020-06-29 11:23:58,179 - TestMaintain - INFO - 最新创建的保养计划名为：保养计划EIqB
2020-06-29 11:23:58,180 - TestMaintain - INFO - 获取要查看的计划Id：103
2020-06-29 11:23:58,180 - TestMaintain - INFO - ------保养计划详情接口-----
2020-06-29 11:23:58,325 - TestMaintain - INFO - 查看计划详情请求结果：处理成功
2020-06-29 11:23:58,438 - TestMaintain - INFO - 删除接口请求结果：处理成功
2020-06-29 11:29:13,933 - Session - INFO - get token,useId successfully!
2020-06-29 11:29:13,936 - run - INFO - 先登录进行全局token认证
2020-06-29 11:29:13,936 - run - INFO - 初始化配置文件, path=F:\API_Automation\Conf\config.ini
2020-06-29 11:29:14,935 - TestAssay - INFO - ------获取检定计划列表接口-----
2020-06-29 11:29:15,067 - TestAssay - INFO - 默认查询接口请求结果：处理成功
2020-06-29 11:29:15,073 - TestAssay - INFO - ------创建检定计划接口-----
2020-06-29 11:29:15,245 - TestAssay - INFO - 创建接口请求结果：处理成功
2020-06-29 11:29:15,360 - TestAssay - INFO - 查询接口请求结果：处理成功
2020-06-29 11:29:15,360 - TestAssay - INFO - 最新创建的检定计划名为：检定计划6XJ8
2020-06-29 11:29:15,361 - TestAssay - INFO - 提取到的计划Id：200
2020-06-29 11:29:15,361 - TestAssay - INFO - ------保养计划详情接口-----
2020-06-29 11:29:15,484 - TestAssay - INFO - 查看计划详情请求结果：处理成功
2020-06-29 11:29:15,613 - TestAssay - INFO - ------删除检定计划接口-----
2020-06-29 11:29:15,614 - TestAssay - INFO - 删除接口请求结果：处理成功
2020-06-29 11:29:15,620 - TestLogin - INFO - ------用户登录接口-----
2020-06-29 11:29:15,895 - TestLogin - INFO - 请求结果：bearer
2020-06-29 11:29:15,902 - TestLogin - INFO - ------用户登录接口-----
2020-06-29 11:29:16,189 - TestLogin - INFO - 请求结果：登录失败，请检查参数！
2020-06-29 11:29:16,196 - TestLogin - INFO - ------用户登录接口-----
2020-06-29 11:29:16,463 - TestLogin - INFO - 请求结果：登录失败，请检查参数！
2020-06-29 11:29:16,472 - TestLogin - INFO - ------用户登录接口-----
2020-06-29 11:29:16,749 - TestLogin - INFO - 请求结果：登录失败，请检查参数！
2020-06-29 11:29:16,757 - TestLogin - INFO - ------用户登录接口-----
2020-06-29 11:29:17,017 - TestLogin - INFO - 请求结果：登录失败，请检查参数！
2020-06-29 11:29:17,024 - TestLogin - INFO - ------用户登录接口-----
2020-06-29 11:29:17,310 - TestLogin - INFO - 请求结果：登录失败，请检查参数！
2020-06-29 11:29:17,317 - TestMaintain - INFO - ------获取保养计划列表接口-----
2020-06-29 11:29:17,445 - TestMaintain - INFO - 默认查询接口请求结果：处理成功
2020-06-29 11:29:17,451 - TestMaintain - INFO - ------创建保养计划列表接口-----
2020-06-29 11:29:17,621 - TestMaintain - INFO - 创建接口请求结果：处理成功
2020-06-29 11:29:17,728 - TestMaintain - INFO - 查询接口请求结果：处理成功
2020-06-29 11:29:17,728 - TestMaintain - INFO - 最新创建的保养计划名为：保养计划6XJ8
2020-06-29 11:29:17,729 - TestMaintain - INFO - 获取要查看的计划Id：104
2020-06-29 11:29:17,729 - TestMaintain - INFO - ------保养计划详情接口-----
2020-06-29 11:29:17,857 - TestMaintain - INFO - 查看计划详情请求结果：处理成功
2020-06-29 11:29:17,987 - TestMaintain - INFO - 删除接口请求结果：处理成功
2020-06-29 11:32:20,358 - TestAssay - INFO - 查询接口请求结果：处理成功
2020-06-29 11:32:20,359 - TestAssay - INFO - 最新创建的检定计划名为：检定计划OqN5
2020-06-29 11:32:20,359 - TestAssay - INFO - 提取到的计划Id：196
2020-06-29 11:32:20,360 - TestAssay - INFO - ------保养计划详情接口-----
2020-06-29 11:32:20,479 - TestAssay - INFO - 查看计划详情请求结果：处理成功
2020-06-29 11:32:20,611 - TestAssay - INFO - ------删除检定计划接口-----
2020-06-29 11:32:20,611 - TestAssay - INFO - 删除接口请求结果：处理成功
2020-06-29 11:32:28,468 - TestAssay - INFO - ------获取检定计划列表接口-----
2020-06-29 11:32:28,572 - TestAssay - INFO - 默认查询接口请求结果：处理成功
2020-06-29 11:32:28,576 - TestAssay - INFO - ------创建检定计划接口-----
2020-06-29 11:32:28,741 - TestAssay - INFO - 创建接口请求结果：处理成功
2020-06-29 11:32:28,855 - TestAssay - INFO - 查询接口请求结果：处理成功
2020-06-29 11:32:28,856 - TestAssay - INFO - 最新创建的检定计划名为：检定计划N65s
2020-06-29 11:32:28,856 - TestAssay - INFO - 提取到的计划Id：201
2020-06-29 11:32:28,856 - TestAssay - INFO - ------保养计划详情接口-----
2020-06-29 11:32:28,977 - TestAssay - INFO - 查看计划详情请求结果：处理成功
2020-06-29 11:32:29,098 - TestAssay - INFO - ------删除检定计划接口-----
2020-06-29 11:32:29,098 - TestAssay - INFO - 删除接口请求结果：处理成功
2020-06-29 11:35:11,680 - TestAssay - INFO - ------获取检定计划列表接口-----
2020-06-29 11:35:11,802 - TestAssay - INFO - 默认查询接口请求结果：处理成功
2020-06-29 11:35:11,806 - TestAssay - INFO - ------创建检定计划接口-----
2020-06-29 11:35:11,970 - TestAssay - INFO - 创建接口请求结果：处理成功
2020-06-29 11:35:12,083 - TestAssay - INFO - 查询接口请求结果：处理成功
2020-06-29 11:35:12,084 - TestAssay - INFO - 最新创建的检定计划名为：检定计划q1DG
2020-06-29 11:35:12,084 - TestAssay - INFO - 提取到的计划Id：202
2020-06-29 11:35:12,084 - TestAssay - INFO - ------保养计划详情接口-----
2020-06-29 11:35:12,208 - TestAssay - INFO - 查看计划详情请求结果：处理成功
2020-06-29 11:35:12,343 - TestAssay - INFO - ------删除检定计划接口-----
2020-06-29 11:35:12,343 - TestAssay - INFO - 删除接口请求结果：处理成功
2020-06-29 11:35:18,199 - Session - INFO - get token,useId successfully!
2020-06-29 11:35:18,203 - run - INFO - 先登录进行全局token认证
2020-06-29 11:35:18,204 - run - INFO - 初始化配置文件, path=F:\API_Automation\Conf\config.ini
2020-06-29 11:35:19,249 - TestAssay - INFO - ------获取检定计划列表接口-----
2020-06-29 11:35:19,387 - TestAssay - INFO - 默认查询接口请求结果：处理成功
2020-06-29 11:35:19,392 - TestAssay - INFO - ------创建检定计划接口-----
2020-06-29 11:35:19,550 - TestAssay - INFO - 创建接口请求结果：处理成功
2020-06-29 11:35:19,664 - TestAssay - INFO - 查询接口请求结果：处理成功
2020-06-29 11:35:19,664 - TestAssay - INFO - 最新创建的检定计划名为：检定计划6KtA
2020-06-29 11:35:19,664 - TestAssay - INFO - 提取到的计划Id：203
2020-06-29 11:35:19,665 - TestAssay - INFO - ------保养计划详情接口-----
2020-06-29 11:35:19,784 - TestAssay - INFO - 查看计划详情请求结果：处理成功
2020-06-29 11:35:19,907 - TestAssay - INFO - ------删除检定计划接口-----
2020-06-29 11:35:19,907 - TestAssay - INFO - 删除接口请求结果：处理成功
2020-06-29 11:35:19,915 - TestLogin - INFO - ------用户登录接口-----
2020-06-29 11:35:20,212 - TestLogin - INFO - 请求结果：bearer
2020-06-29 11:35:20,219 - TestLogin - INFO - ------用户登录接口-----
2020-06-29 11:35:20,493 - TestLogin - INFO - 请求结果：登录失败，请检查参数！
2020-06-29 11:35:20,502 - TestLogin - INFO - ------用户登录接口-----
2020-06-29 11:35:20,781 - TestLogin - INFO - 请求结果：登录失败，请检查参数！
2020-06-29 11:35:20,788 - TestLogin - INFO - ------用户登录接口-----
2020-06-29 11:35:21,076 - TestLogin - INFO - 请求结果：登录失败，请检查参数！
2020-06-29 11:35:21,083 - TestLogin - INFO - ------用户登录接口-----
2020-06-29 11:35:21,355 - TestLogin - INFO - 请求结果：登录失败，请检查参数！
2020-06-29 11:35:21,363 - TestLogin - INFO - ------用户登录接口-----
2020-06-29 11:35:21,653 - TestLogin - INFO - 请求结果：登录失败，请检查参数！
2020-06-29 11:35:21,661 - TestMaintain - INFO - ------获取保养计划列表接口-----
2020-06-29 11:35:21,802 - TestMaintain - INFO - 默认查询接口请求结果：处理成功
2020-06-29 11:35:21,806 - TestMaintain - INFO - ------创建保养计划列表接口-----
2020-06-29 11:35:21,959 - TestMaintain - INFO - 创建接口请求结果：处理成功
2020-06-29 11:35:22,079 - TestMaintain - INFO - 查询接口请求结果：处理成功
2020-06-29 11:35:22,079 - TestMaintain - INFO - 最新创建的保养计划名为：保养计划6KtA
2020-06-29 11:35:22,079 - TestMaintain - INFO - 获取要查看的计划Id：105
2020-06-29 11:35:22,079 - TestMaintain - INFO - ------保养计划详情接口-----
2020-06-29 11:35:22,215 - TestMaintain - INFO - 查看计划详情请求结果：处理成功
2020-06-29 11:35:22,338 - TestMaintain - INFO - 删除接口请求结果：处理成功
2020-06-29 11:37:04,358 - Session - INFO - get token,useId successfully!
2020-06-29 11:37:04,361 - run - INFO - 先登录进行全局token认证
2020-06-29 11:37:04,362 - run - INFO - 初始化配置文件, path=F:\API_Automation\Conf\config.ini
2020-06-29 11:37:04,910 - TestAssay - INFO - ------获取检定计划列表接口-----
2020-06-29 11:37:05,042 - TestAssay - INFO - 默认查询接口请求结果：处理成功
2020-06-29 11:37:05,047 - TestAssay - INFO - ------创建检定计划接口-----
2020-06-29 11:37:05,197 - TestAssay - INFO - 创建接口请求结果：处理成功
2020-06-29 11:37:05,314 - TestAssay - INFO - 查询接口请求结果：处理成功
2020-06-29 11:37:05,314 - TestAssay - INFO - 最新创建的检定计划名为：检定计划mtOb
2020-06-29 11:37:05,314 - TestAssay - INFO - 提取到的计划Id：204
2020-06-29 11:37:05,314 - TestAssay - INFO - ------保养计划详情接口-----
2020-06-29 11:37:05,437 - TestAssay - INFO - 查看计划详情请求结果：处理成功
2020-06-29 11:37:05,567 - TestAssay - INFO - ------删除检定计划接口-----
2020-06-29 11:37:05,567 - TestAssay - INFO - 删除接口请求结果：处理成功
2020-06-29 11:37:05,574 - TestLogin - INFO - ------用户登录接口-----
2020-06-29 11:37:05,861 - TestLogin - INFO - 请求结果：bearer
2020-06-29 11:37:05,868 - TestLogin - INFO - ------用户登录接口-----
2020-06-29 11:37:06,156 - TestLogin - INFO - 请求结果：登录失败，请检查参数！
2020-06-29 11:37:06,163 - TestLogin - INFO - ------用户登录接口-----
2020-06-29 11:37:06,442 - TestLogin - INFO - 请求结果：登录失败，请检查参数！
2020-06-29 11:37:06,449 - TestLogin - INFO - ------用户登录接口-----
2020-06-29 11:37:06,741 - TestLogin - INFO - 请求结果：登录失败，请检查参数！
2020-06-29 11:37:06,748 - TestLogin - INFO - ------用户登录接口-----
2020-06-29 11:37:07,021 - TestLogin - INFO - 请求结果：登录失败，请检查参数！
2020-06-29 11:37:07,030 - TestLogin - INFO - ------用户登录接口-----
2020-06-29 11:37:07,304 - TestLogin - INFO - 请求结果：登录失败，请检查参数！
2020-06-29 11:37:07,312 - TestMaintain - INFO - ------获取保养计划列表接口-----
2020-06-29 11:37:07,452 - TestMaintain - INFO - 默认查询接口请求结果：处理成功
2020-06-29 11:37:07,458 - TestMaintain - INFO - ------创建保养计划列表接口-----
2020-06-29 11:37:07,613 - TestMaintain - INFO - 创建接口请求结果：处理成功
2020-06-29 11:37:07,722 - TestMaintain - INFO - 查询接口请求结果：处理成功
2020-06-29 11:37:07,722 - TestMaintain - INFO - 最新创建的保养计划名为：保养计划mtOb
2020-06-29 11:37:07,722 - TestMaintain - INFO - 获取要查看的计划Id：106
2020-06-29 11:37:07,723 - TestMaintain - INFO - ------保养计划详情接口-----
2020-06-29 11:37:07,849 - TestMaintain - INFO - 查看计划详情请求结果：处理成功
2020-06-29 11:37:07,963 - TestMaintain - INFO - 删除接口请求结果：处理成功
2020-06-29 11:48:05,070 - Session - INFO - get token,useId successfully!
2020-06-29 11:48:05,074 - run - INFO - 先登录进行全局token认证
2020-06-29 11:48:05,075 - run - INFO - 初始化配置文件, path=F:\API_Automation\Conf\config.ini
2020-06-29 11:48:05,763 - TestAssay - INFO - ------获取检定计划列表接口-----
2020-06-29 11:48:05,884 - TestAssay - INFO - 默认查询接口请求结果：处理成功
2020-06-29 11:48:05,891 - TestAssay - INFO - ------创建检定计划接口-----
2020-06-29 11:48:06,060 - TestAssay - INFO - 创建接口请求结果：处理成功
2020-06-29 11:48:06,164 - TestAssay - INFO - 查询接口请求结果：处理成功
2020-06-29 11:48:06,164 - TestAssay - INFO - 最新创建的检定计划名为：检定计划iLan
2020-06-29 11:48:06,165 - TestAssay - INFO - 提取到的计划Id：205
2020-06-29 11:48:06,165 - TestAssay - INFO - ------保养计划详情接口-----
2020-06-29 11:48:06,287 - TestAssay - INFO - 查看计划详情请求结果：处理成功
2020-06-29 11:48:06,407 - TestAssay - INFO - ------删除检定计划接口-----
2020-06-29 11:48:06,407 - TestAssay - INFO - 删除接口请求结果：处理成功
2020-06-29 11:48:06,414 - TestLogin - INFO - ------用户登录接口-----
2020-06-29 11:48:06,697 - TestLogin - INFO - 请求结果：bearer
2020-06-29 11:48:06,705 - TestLogin - INFO - ------用户登录接口-----
2020-06-29 11:48:06,981 - TestLogin - INFO - 请求结果：登录失败，请检查参数！
2020-06-29 11:48:06,989 - TestLogin - INFO - ------用户登录接口-----
2020-06-29 11:48:07,283 - TestLogin - INFO - 请求结果：登录失败，请检查参数！
2020-06-29 11:48:07,291 - TestLogin - INFO - ------用户登录接口-----
2020-06-29 11:48:07,570 - TestLogin - INFO - 请求结果：登录失败，请检查参数！
2020-06-29 11:48:07,580 - TestLogin - INFO - ------用户登录接口-----
2020-06-29 11:48:07,865 - TestLogin - INFO - 请求结果：登录失败，请检查参数！
2020-06-29 11:48:07,874 - TestLogin - INFO - ------用户登录接口-----
2020-06-29 11:48:08,149 - TestLogin - INFO - 请求结果：登录失败，请检查参数！
2020-06-29 11:48:08,159 - TestMaintain - INFO - ------获取保养计划列表接口-----
2020-06-29 11:48:08,290 - TestMaintain - INFO - 默认查询接口请求结果：处理成功
2020-06-29 11:48:08,295 - TestMaintain - INFO - ------创建保养计划列表接口-----
2020-06-29 11:48:08,443 - TestMaintain - INFO - 创建接口请求结果：处理成功
2020-06-29 11:48:08,566 - TestMaintain - INFO - 查询接口请求结果：处理成功
2020-06-29 11:48:08,566 - TestMaintain - INFO - 最新创建的保养计划名为：保养计划iLan
2020-06-29 11:48:08,567 - TestMaintain - INFO - 获取要查看的计划Id：107
2020-06-29 11:48:08,567 - TestMaintain - INFO - ------保养计划详情接口-----
2020-06-29 11:48:08,696 - TestMaintain - INFO - 查看计划详情请求结果：处理成功
2020-06-29 11:48:08,824 - TestMaintain - INFO - 删除接口请求结果：处理成功
